<?xml version="1.0" encoding="UTF-8"?>
<!-- Generated by org.testng.reporters.JUnitReportReporter -->
<testsuite hostname="LAPTOP-0BIM7R4M" failures="0" tests="1" name="GTM.Test.Login" time="11.585" errors="0" timestamp="2020-09-10T11:04:52 IST" skipped="0">
  <testcase classname="GTM.Test.Login" name="logIN" time="11.585"/>
  <system-out/>
</testsuite> <!-- GTM.Test.Login -->
