<?xml version="1.0" encoding="UTF-8"?>
<!-- Generated by org.testng.reporters.JUnitReportReporter -->
<testsuite hostname="LAPTOP-0BIM7R4M" failures="0" tests="1" name="GTM.Start.TestCommon" time="40.397" errors="0" timestamp="2020-09-24T16:50:04 IST" skipped="0">
  <testcase classname="GTM.Start.TestCommon" name="customerRegistration" time="40.397"/>
  <system-out/>
</testsuite> <!-- GTM.Start.TestCommon -->
